<?xml version="1.0" encoding="UTF-8"?>
<robot generator="Robot 7.2 (Python 3.13.1 on win32)" generated="2025-01-31T06:20:38.860340" rpa="false" schemaversion="5">
<suite id="s1" name="roundTrip" source="C:\SanberCode\flightApps\Suites\roundTrip.robot">
<test id="s1-t1" name="User should be able book a flight" line="17">
<kw name="Run Keywords" owner="BuiltIn" type="SETUP">
<kw name="Open Flight Application" owner="base">
<kw name="Open Application" owner="AppiumLibrary">
<arg>remote_url=http://127.0.0.1:4723/wd/hub</arg>
<arg>platformName=Android</arg>
<arg>platformVersion=12.0</arg>
<arg>deviceName=emulator-554</arg>
<arg>appPackage=com.example.myapplication</arg>
<arg>appActivity=com.example.myapplication.MainActivity</arg>
<doc>Opens a new application to given Appium server.
Capabilities of appium server, Android and iOS,
Please check https://appium.io/docs/en/2.1/cli/args/
| *Option*            | *Man.* | *Description*     |
| remote_url          | Yes    | Appium server url |
| alias               | no     | alias             |
| strict_ssl          | No     | allows you to send commands to an invalid certificate host like a self-signed one. |</doc>
<status status="PASS" start="2025-01-31T06:20:39.083541" elapsed="7.551870"/>
</kw>
<status status="PASS" start="2025-01-31T06:20:39.083365" elapsed="7.552262"/>
</kw>
<kw name="Login With Valid Data" owner="loginPage">
<kw name="Verify Home Screen Appears" owner="homePage">
<kw name="Wait Until Element Is Visible" owner="AppiumLibrary">
<msg time="2025-01-31T06:20:47.626156" level="INFO">xpath criteria: //android.widget.ImageView[@resource-id="com.example.myapplication:id/imageView4"]</msg>
<arg>locator=${app_icon_image}</arg>
<doc>Waits until element specified with `locator` is visible.</doc>
<status status="PASS" start="2025-01-31T06:20:46.636556" elapsed="0.989766"/>
</kw>
<status status="PASS" start="2025-01-31T06:20:46.636336" elapsed="0.990141"/>
</kw>
<kw name="Click Sign In Button On Home Screen" owner="homePage">
<kw name="Wait Until Element Is Visible" owner="AppiumLibrary">
<msg time="2025-01-31T06:20:47.716562" level="INFO">xpath criteria: //android.widget.Button[@resource-id="com.example.myapplication:id/login"]</msg>
<arg>${signIn_button_homepage}</arg>
<doc>Waits until element specified with `locator` is visible.</doc>
<status status="PASS" start="2025-01-31T06:20:47.627068" elapsed="0.089569"/>
</kw>
<kw name="Click Element" owner="AppiumLibrary">
<msg time="2025-01-31T06:20:47.718234" level="INFO">Clicking element '//android.widget.Button[@resource-id="com.example.myapplication:id/login"]'.</msg>
<msg time="2025-01-31T06:20:47.848995" level="INFO">xpath criteria: //android.widget.Button[@resource-id="com.example.myapplication:id/login"]</msg>
<arg>locator=${signIn_button_homepage}</arg>
<doc>Click element identified by `locator`.</doc>
<status status="PASS" start="2025-01-31T06:20:47.716797" elapsed="0.132311"/>
</kw>
<status status="PASS" start="2025-01-31T06:20:47.626704" elapsed="0.222506"/>
</kw>
<kw name="Verify Login Appears" owner="loginPage">
<kw name="Wait Until Element Is Visible" owner="AppiumLibrary">
<msg time="2025-01-31T06:20:48.815365" level="INFO">xpath criteria: //android.widget.EditText[@resource-id="com.example.myapplication:id/username"]
xpath criteria: //android.widget.EditText[@resource-id="com.example.myapplication:id/username"]</msg>
<arg>${username_login_input}</arg>
<doc>Waits until element specified with `locator` is visible.</doc>
<status status="PASS" start="2025-01-31T06:20:47.849731" elapsed="0.965731"/>
</kw>
<kw name="Wait Until Element Is Visible" owner="AppiumLibrary">
<msg time="2025-01-31T06:20:48.896083" level="INFO">xpath criteria: //android.widget.EditText[@resource-id="com.example.myapplication:id/password"]</msg>
<arg>${password_login_input}</arg>
<doc>Waits until element specified with `locator` is visible.</doc>
<status status="PASS" start="2025-01-31T06:20:48.815636" elapsed="0.080532"/>
</kw>
<kw name="Wait Until Element Is Visible" owner="AppiumLibrary">
<msg time="2025-01-31T06:20:48.975451" level="INFO">xpath criteria: //android.widget.Button[@resource-id="com.example.myapplication:id/signIn"]</msg>
<arg>${signIn_button_loginPage}</arg>
<doc>Waits until element specified with `locator` is visible.</doc>
<status status="PASS" start="2025-01-31T06:20:48.896433" elapsed="0.079108"/>
</kw>
<status status="PASS" start="2025-01-31T06:20:47.849432" elapsed="1.126189"/>
</kw>
<kw name="Input Username" owner="loginPage">
<kw name="Input Text" owner="AppiumLibrary">
<msg time="2025-01-31T06:20:48.977308" level="INFO">Typing text 'support@ngendigital.com' into text field '//android.widget.EditText[@resource-id="com.example.myapplication:id/username"]'</msg>
<msg time="2025-01-31T06:20:49.076419" level="INFO">xpath criteria: //android.widget.EditText[@resource-id="com.example.myapplication:id/username"]</msg>
<arg>${username_login_input}</arg>
<arg>${username}</arg>
<doc>Types the given `text` into text field identified by `locator`.</doc>
<status status="PASS" start="2025-01-31T06:20:48.976055" elapsed="0.100551"/>
</kw>
<arg>${username}</arg>
<status status="PASS" start="2025-01-31T06:20:48.975768" elapsed="0.100946"/>
</kw>
<kw name="Input Password" owner="loginPage">
<kw name="Input Text" owner="AppiumLibrary">
<msg time="2025-01-31T06:20:49.079315" level="INFO">Typing text 'abc123' into text field '//android.widget.EditText[@resource-id="com.example.myapplication:id/password"]'</msg>
<msg time="2025-01-31T06:20:49.668176" level="INFO">xpath criteria: //android.widget.EditText[@resource-id="com.example.myapplication:id/password"]</msg>
<arg>${password_login_input}</arg>
<arg>${password}</arg>
<doc>Types the given `text` into text field identified by `locator`.</doc>
<status status="PASS" start="2025-01-31T06:20:49.077504" elapsed="0.590744"/>
</kw>
<arg>${password}</arg>
<status status="PASS" start="2025-01-31T06:20:49.076975" elapsed="0.591360"/>
</kw>
<kw name="Click Sign In Button On login Screen" owner="loginPage">
<kw name="Click Element" owner="AppiumLibrary">
<msg time="2025-01-31T06:20:49.669903" level="INFO">Clicking element '//android.widget.Button[@resource-id="com.example.myapplication:id/signIn"]'.</msg>
<msg time="2025-01-31T06:20:50.267145" level="INFO">xpath criteria: //android.widget.Button[@resource-id="com.example.myapplication:id/signIn"]</msg>
<arg>${signIn_button_loginPage}</arg>
<doc>Click element identified by `locator`.</doc>
<status status="PASS" start="2025-01-31T06:20:49.668681" elapsed="0.598538"/>
</kw>
<status status="PASS" start="2025-01-31T06:20:49.668476" elapsed="0.598815"/>
</kw>
<status status="PASS" start="2025-01-31T06:20:46.635931" elapsed="3.631395"/>
</kw>
<arg>Open Flight Application</arg>
<arg>AND</arg>
<arg>Login With Valid Data</arg>
<doc>Executes all the given keywords in a sequence.</doc>
<status status="PASS" start="2025-01-31T06:20:39.083129" elapsed="11.184235"/>
</kw>
<kw name="Verify User is Logged In" owner="homePage">
<kw name="Wait Until Element Is Visible" owner="AppiumLibrary">
<msg time="2025-01-31T06:20:51.051415" level="INFO">xpath criteria: //android.widget.TextView[@resource-id="com.example.myapplication:id/textView"]
xpath criteria: //android.widget.TextView[@resource-id="com.example.myapplication:id/textView"]</msg>
<arg>${userName_text_homepage}</arg>
<doc>Waits until element specified with `locator` is visible.</doc>
<status status="PASS" start="2025-01-31T06:20:50.268055" elapsed="0.783445"/>
</kw>
<status status="PASS" start="2025-01-31T06:20:50.267798" elapsed="0.783773"/>
</kw>
<kw name="Booking Flight Round Trip" owner="roundPage">
<kw name="Click Button Book a flight" owner="roundPage">
<kw name="Click Element" owner="AppiumLibrary">
<msg time="2025-01-31T06:20:51.053855" level="INFO">Clicking element '//android.widget.Button[@resource-id="com.example.myapplication:id/book"]'.</msg>
<msg time="2025-01-31T06:20:51.163644" level="INFO">xpath criteria: //android.widget.Button[@resource-id="com.example.myapplication:id/book"]</msg>
<arg>locator=${app_icon_book}</arg>
<doc>Click element identified by `locator`.</doc>
<status status="PASS" start="2025-01-31T06:20:51.052492" elapsed="0.111270"/>
</kw>
<status status="PASS" start="2025-01-31T06:20:51.052297" elapsed="0.111898"/>
</kw>
<kw name="Verify Book Flight Screen Appears" owner="roundPage">
<kw name="Wait Until Element Is Visible" owner="AppiumLibrary">
<msg time="2025-01-31T06:20:52.366894" level="INFO">xpath criteria: //android.widget.TextView[@resource-id="com.example.myapplication:id/textView3"]
xpath criteria: //android.widget.TextView[@resource-id="com.example.myapplication:id/textView3"]</msg>
<arg>locator=${page_form_round}</arg>
<doc>Waits until element specified with `locator` is visible.</doc>
<status status="PASS" start="2025-01-31T06:20:51.164733" elapsed="1.202237"/>
</kw>
<status status="PASS" start="2025-01-31T06:20:51.164398" elapsed="1.202642"/>
</kw>
<kw name="Click Round Trip Button On Book Flight Screen" owner="roundPage">
<kw name="Click Element" owner="AppiumLibrary">
<msg time="2025-01-31T06:20:52.368856" level="INFO">Clicking element '//android.widget.TextView[@text="ROUND TRIP"]'.</msg>
<msg time="2025-01-31T06:20:52.541026" level="INFO">xpath criteria: //android.widget.TextView[@text="ROUND TRIP"]</msg>
<arg>locator=${round_trip_button}</arg>
<doc>Click element identified by `locator`.</doc>
<status status="PASS" start="2025-01-31T06:20:52.367437" elapsed="0.173714"/>
</kw>
<status status="PASS" start="2025-01-31T06:20:52.367187" elapsed="0.174095"/>
</kw>
<kw name="Click From City Combobox" owner="roundPage">
<kw name="Wait Until Element Is Visible" owner="AppiumLibrary">
<msg time="2025-01-31T06:20:53.058545" level="INFO">xpath criteria: //android.widget.Spinner[@resource-id="com.example.myapplication:id/spinnerFrom"]</msg>
<arg>locator=${wait_element_city}</arg>
<doc>Waits until element specified with `locator` is visible.</doc>
<status status="PASS" start="2025-01-31T06:20:52.541838" elapsed="0.516805"/>
</kw>
<kw name="Click Element" owner="AppiumLibrary">
<msg time="2025-01-31T06:20:53.061017" level="INFO">Clicking element '//android.widget.Spinner[@resource-id="com.example.myapplication:id/spinnerFrom"]'.</msg>
<msg time="2025-01-31T06:20:53.317119" level="INFO">xpath criteria: //android.widget.Spinner[@resource-id="com.example.myapplication:id/spinnerFrom"]</msg>
<arg>locator=${wait_element_city}</arg>
<doc>Click element identified by `locator`.</doc>
<status status="PASS" start="2025-01-31T06:20:53.058841" elapsed="0.258411"/>
</kw>
<status status="PASS" start="2025-01-31T06:20:52.541578" elapsed="0.775774"/>
</kw>
<kw name="Choose Toronto City" owner="roundPage">
<kw name="Wait Until Element Is Visible" owner="AppiumLibrary">
<msg time="2025-01-31T06:20:54.412886" level="INFO">xpath criteria: //android.widget.TextView[@resource-id="android:id/text1" and @text="Toronto"]</msg>
<arg>locator=${toronto_city}</arg>
<doc>Waits until element specified with `locator` is visible.</doc>
<status status="PASS" start="2025-01-31T06:20:53.317891" elapsed="1.095072"/>
</kw>
<kw name="Click Element" owner="AppiumLibrary">
<msg time="2025-01-31T06:20:54.414192" level="INFO">Clicking element '//android.widget.TextView[@resource-id="android:id/text1" and @text="Toronto"]'.</msg>
<msg time="2025-01-31T06:20:55.247739" level="INFO">xpath criteria: //android.widget.TextView[@resource-id="android:id/text1" and @text="Toronto"]</msg>
<arg>locator=${toronto_city}</arg>
<doc>Click element identified by `locator`.</doc>
<status status="PASS" start="2025-01-31T06:20:54.413134" elapsed="0.834725"/>
</kw>
<status status="PASS" start="2025-01-31T06:20:53.317580" elapsed="1.930399"/>
</kw>
<kw name="Verify Toronto City Appears" owner="roundPage">
<kw name="Wait Until Element Is Visible" owner="AppiumLibrary">
<msg time="2025-01-31T06:20:55.352003" level="INFO">xpath criteria: //android.widget.TextView[@resource-id="android:id/text1" and @text="Toronto"]</msg>
<arg>locator=${toronto_city}</arg>
<doc>Waits until element specified with `locator` is visible.</doc>
<status status="PASS" start="2025-01-31T06:20:55.248668" elapsed="0.103430"/>
</kw>
<status status="PASS" start="2025-01-31T06:20:55.248249" elapsed="0.103928"/>
</kw>
<kw name="Click To City Combobox" owner="roundPage">
<kw name="Wait Until Element Is Visible" owner="AppiumLibrary">
<msg time="2025-01-31T06:20:55.448019" level="INFO">xpath criteria: //android.widget.Spinner[@resource-id="com.example.myapplication:id/spinnerTo"]</msg>
<arg>locator=${otawa_combobox}</arg>
<doc>Waits until element specified with `locator` is visible.</doc>
<status status="PASS" start="2025-01-31T06:20:55.352618" elapsed="0.095484"/>
</kw>
<kw name="Click Element" owner="AppiumLibrary">
<msg time="2025-01-31T06:20:55.449761" level="INFO">Clicking element '//android.widget.Spinner[@resource-id="com.example.myapplication:id/spinnerTo"]'.</msg>
<msg time="2025-01-31T06:20:55.568982" level="INFO">xpath criteria: //android.widget.Spinner[@resource-id="com.example.myapplication:id/spinnerTo"]</msg>
<arg>locator=${otawa_combobox}</arg>
<doc>Click element identified by `locator`.</doc>
<status status="PASS" start="2025-01-31T06:20:55.448281" elapsed="0.120801"/>
</kw>
<status status="PASS" start="2025-01-31T06:20:55.352361" elapsed="0.216824"/>
</kw>
<kw name="Choose 'Otawa' City" owner="roundPage">
<kw name="Wait Until Element Is Visible" owner="AppiumLibrary">
<msg time="2025-01-31T06:20:56.553764" level="INFO">xpath criteria: //android.widget.TextView[@resource-id="android:id/text1" and @text="Ottawa"]
xpath criteria: //android.widget.TextView[@resource-id="android:id/text1" and @text="Ottawa"]</msg>
<arg>locator=${otawa_city}</arg>
<doc>Waits until element specified with `locator` is visible.</doc>
<status status="PASS" start="2025-01-31T06:20:55.569705" elapsed="0.984129"/>
</kw>
<kw name="Click Element" owner="AppiumLibrary">
<msg time="2025-01-31T06:20:56.555205" level="INFO">Clicking element '//android.widget.TextView[@resource-id="android:id/text1" and @text="Ottawa"]'.</msg>
<msg time="2025-01-31T06:20:57.336826" level="INFO">xpath criteria: //android.widget.TextView[@resource-id="android:id/text1" and @text="Ottawa"]</msg>
<arg>locator=${otawa_city}</arg>
<doc>Click element identified by `locator`.</doc>
<status status="PASS" start="2025-01-31T06:20:56.553973" elapsed="0.782946"/>
</kw>
<status status="PASS" start="2025-01-31T06:20:55.569385" elapsed="1.767606"/>
</kw>
<kw name="Verify 'Otawa' City Appears" owner="roundPage">
<kw name="Wait Until Element Is Visible" owner="AppiumLibrary">
<msg time="2025-01-31T06:20:57.427808" level="INFO">xpath criteria: //android.widget.TextView[@resource-id="android:id/text1" and @text="Ottawa"]</msg>
<arg>locator=${otawa_city}</arg>
<doc>Waits until element specified with `locator` is visible.</doc>
<status status="PASS" start="2025-01-31T06:20:57.337344" elapsed="0.090548"/>
</kw>
<status status="PASS" start="2025-01-31T06:20:57.337128" elapsed="0.090847"/>
</kw>
<kw name="Click Class Combobox" owner="roundPage">
<kw name="Wait Until Element Is Visible" owner="AppiumLibrary">
<msg time="2025-01-31T06:20:57.494562" level="INFO">xpath criteria: //android.widget.Spinner[@resource-id="com.example.myapplication:id/spinnerClass"]</msg>
<arg>locator=${class_combobox}</arg>
<doc>Waits until element specified with `locator` is visible.</doc>
<status status="PASS" start="2025-01-31T06:20:57.428412" elapsed="0.066235"/>
</kw>
<kw name="Click Element" owner="AppiumLibrary">
<msg time="2025-01-31T06:20:57.496348" level="INFO">Clicking element '//android.widget.Spinner[@resource-id="com.example.myapplication:id/spinnerClass"]'.</msg>
<msg time="2025-01-31T06:20:57.604604" level="INFO">xpath criteria: //android.widget.Spinner[@resource-id="com.example.myapplication:id/spinnerClass"]</msg>
<arg>locator=${class_combobox}</arg>
<doc>Click element identified by `locator`.</doc>
<status status="PASS" start="2025-01-31T06:20:57.494793" elapsed="0.109915"/>
</kw>
<status status="PASS" start="2025-01-31T06:20:57.428148" elapsed="0.176653"/>
</kw>
<kw name="Choose 'Business' Class" owner="roundPage">
<kw name="Wait Until Element Is Visible" owner="AppiumLibrary">
<msg time="2025-01-31T06:20:58.596463" level="INFO">xpath criteria: //android.widget.TextView[@resource-id="android:id/text1" and @text="Business"]
xpath criteria: //android.widget.TextView[@resource-id="android:id/text1" and @text="Business"]</msg>
<arg>locator=${class_business}</arg>
<doc>Waits until element specified with `locator` is visible.</doc>
<status status="PASS" start="2025-01-31T06:20:57.605527" elapsed="0.991024"/>
</kw>
<kw name="Click Element" owner="AppiumLibrary">
<msg time="2025-01-31T06:20:58.597975" level="INFO">Clicking element '//android.widget.TextView[@resource-id="android:id/text1" and @text="Business"]'.</msg>
<msg time="2025-01-31T06:20:59.366663" level="INFO">xpath criteria: //android.widget.TextView[@resource-id="android:id/text1" and @text="Business"]</msg>
<arg>locator=${class_business}</arg>
<doc>Click element identified by `locator`.</doc>
<status status="PASS" start="2025-01-31T06:20:58.596713" elapsed="0.770017"/>
</kw>
<status status="PASS" start="2025-01-31T06:20:57.605194" elapsed="1.761597"/>
</kw>
<kw name="Verify 'Business' Class Appears" owner="roundPage">
<kw name="Wait Until Element Is Visible" owner="AppiumLibrary">
<msg time="2025-01-31T06:20:59.443197" level="INFO">xpath criteria: //android.widget.TextView[@resource-id="android:id/text1" and @text="Business"]</msg>
<arg>locator=${class_business}</arg>
<doc>Waits until element specified with `locator` is visible.</doc>
<status status="PASS" start="2025-01-31T06:20:59.367137" elapsed="0.076140"/>
</kw>
<status status="PASS" start="2025-01-31T06:20:59.366922" elapsed="0.076426"/>
</kw>
<kw name="Click Start Date Picker" owner="roundPage">
<kw name="Wait Until Element Is Visible" owner="AppiumLibrary">
<msg time="2025-01-31T06:20:59.510163" level="INFO">xpath criteria: //android.widget.TextView[@resource-id="com.example.myapplication:id/textStartDate"]</msg>
<arg>locator=${start_date_picker}</arg>
<doc>Waits until element specified with `locator` is visible.</doc>
<status status="PASS" start="2025-01-31T06:20:59.443768" elapsed="0.066475"/>
</kw>
<kw name="Click Element" owner="AppiumLibrary">
<msg time="2025-01-31T06:20:59.512075" level="INFO">Clicking element '//android.widget.TextView[@resource-id="com.example.myapplication:id/textStartDate"]'.</msg>
<msg time="2025-01-31T06:20:59.632347" level="INFO">xpath criteria: //android.widget.TextView[@resource-id="com.example.myapplication:id/textStartDate"]</msg>
<arg>locator=${start_date_picker}</arg>
<doc>Click element identified by `locator`.</doc>
<status status="PASS" start="2025-01-31T06:20:59.510477" elapsed="0.121945"/>
</kw>
<status status="PASS" start="2025-01-31T06:20:59.443505" elapsed="0.189003"/>
</kw>
<kw name="Choose '8/1/2019' Date" owner="roundPage">
<kw name="Wait Until Element Is Visible" owner="AppiumLibrary">
<msg time="2025-01-31T06:21:00.502598" level="INFO">xpath criteria: //android.view.View[@resource-id="android:id/month_view"]
xpath criteria: //android.view.View[@resource-id="android:id/month_view"]</msg>
<arg>locator=${verify_date_picker}</arg>
<doc>Waits until element specified with `locator` is visible.</doc>
<status status="PASS" start="2025-01-31T06:20:59.632887" elapsed="0.869803"/>
</kw>
<status status="PASS" start="2025-01-31T06:20:59.632656" elapsed="0.870111"/>
</kw>
<kw name="Click OK Button" owner="roundPage">
<kw name="Wait Until Element Is Visible" owner="AppiumLibrary">
<msg time="2025-01-31T06:21:01.295470" level="INFO">xpath criteria: //android.widget.Button[@resource-id="android:id/button1"]</msg>
<arg>locator=${ok_button}</arg>
<doc>Waits until element specified with `locator` is visible.</doc>
<status status="PASS" start="2025-01-31T06:21:00.503159" elapsed="0.792395"/>
</kw>
<kw name="Click Element" owner="AppiumLibrary">
<msg time="2025-01-31T06:21:01.297048" level="INFO">Clicking element '//android.widget.Button[@resource-id="android:id/button1"]'.</msg>
<msg time="2025-01-31T06:21:01.738649" level="INFO">xpath criteria: //android.widget.Button[@resource-id="android:id/button1"]</msg>
<arg>locator=${ok_button}</arg>
<doc>Click element identified by `locator`.</doc>
<status status="PASS" start="2025-01-31T06:21:01.295718" elapsed="0.443018"/>
</kw>
<status status="PASS" start="2025-01-31T06:21:00.502918" elapsed="1.235896"/>
</kw>
<kw name="Verify Today Date Appears" owner="roundPage">
<kw name="Wait Until Element Is Visible" owner="AppiumLibrary">
<msg time="2025-01-31T06:21:02.347324" level="INFO">xpath criteria: //android.widget.TextView[@resource-id="com.example.myapplication:id/textEndDate"]</msg>
<arg>locator=${end_date_picker}</arg>
<doc>Waits until element specified with `locator` is visible.</doc>
<status status="PASS" start="2025-01-31T06:21:01.739245" elapsed="0.608152"/>
</kw>
<status status="PASS" start="2025-01-31T06:21:01.738971" elapsed="0.608490"/>
</kw>
<kw name="Click End Date Picker" owner="roundPage">
<kw name="Wait Until Element Is Visible" owner="AppiumLibrary">
<msg time="2025-01-31T06:21:02.423982" level="INFO">xpath criteria: //android.widget.TextView[@resource-id="com.example.myapplication:id/textEndDate"]</msg>
<arg>locator=${end_date_picker}</arg>
<doc>Waits until element specified with `locator` is visible.</doc>
<status status="PASS" start="2025-01-31T06:21:02.347862" elapsed="0.076204"/>
</kw>
<kw name="Click Element" owner="AppiumLibrary">
<msg time="2025-01-31T06:21:02.425813" level="INFO">Clicking element '//android.widget.TextView[@resource-id="com.example.myapplication:id/textEndDate"]'.</msg>
<msg time="2025-01-31T06:21:02.548646" level="INFO">xpath criteria: //android.widget.TextView[@resource-id="com.example.myapplication:id/textEndDate"]</msg>
<arg>locator=${end_date_picker}</arg>
<doc>Click element identified by `locator`.</doc>
<status status="PASS" start="2025-01-31T06:21:02.424233" elapsed="0.124490"/>
</kw>
<status status="PASS" start="2025-01-31T06:21:02.347612" elapsed="0.201184"/>
</kw>
<kw name="Choose '8/7/2019'" owner="roundPage">
<kw name="Wait Until Element Is Visible" owner="AppiumLibrary">
<msg time="2025-01-31T06:21:03.285585" level="INFO">xpath criteria: //android.view.View[@resource-id="android:id/month_view"]
xpath criteria: //android.view.View[@resource-id="android:id/month_view"]</msg>
<arg>locator=${verify_date_picker}</arg>
<doc>Waits until element specified with `locator` is visible.</doc>
<status status="PASS" start="2025-01-31T06:21:02.549183" elapsed="0.736485"/>
</kw>
<kw name="Click Element" owner="AppiumLibrary">
<msg time="2025-01-31T06:21:03.287171" level="INFO">Clicking element '//android.view.View[@resource-id="android:id/month_view"]'.</msg>
<msg time="2025-01-31T06:21:04.054843" level="INFO">xpath criteria: //android.view.View[@resource-id="android:id/month_view"]</msg>
<arg>locator=${verify_date_picker}</arg>
<doc>Click element identified by `locator`.</doc>
<status status="PASS" start="2025-01-31T06:21:03.285811" elapsed="0.769101"/>
</kw>
<status status="PASS" start="2025-01-31T06:21:02.548958" elapsed="1.506015"/>
</kw>
<kw name="Click Button OK" owner="roundPage">
<kw name="Wait Until Element Is Visible" owner="AppiumLibrary">
<msg time="2025-01-31T06:21:04.228826" level="INFO">xpath criteria: //android.widget.Button[@resource-id="android:id/button1"]</msg>
<arg>locator=${ok_button}</arg>
<doc>Waits until element specified with `locator` is visible.</doc>
<status status="PASS" start="2025-01-31T06:21:04.055314" elapsed="0.173625"/>
</kw>
<kw name="Click Element" owner="AppiumLibrary">
<msg time="2025-01-31T06:21:04.231954" level="INFO">Clicking element '//android.widget.Button[@resource-id="android:id/button1"]'.</msg>
<msg time="2025-01-31T06:21:04.610392" level="INFO">xpath criteria: //android.widget.Button[@resource-id="android:id/button1"]</msg>
<arg>locator=${ok_button}</arg>
<doc>Click element identified by `locator`.</doc>
<status status="PASS" start="2025-01-31T06:21:04.229129" elapsed="0.381386"/>
</kw>
<status status="PASS" start="2025-01-31T06:21:04.055120" elapsed="0.555496"/>
</kw>
<kw name="Verify 8/1/2019 Date Appears" owner="roundPage">
<kw name="Wait Until Element Is Visible" owner="AppiumLibrary">
<msg time="2025-01-31T06:21:05.223106" level="INFO">xpath criteria: //android.widget.TextView[@resource-id="com.example.myapplication:id/textEndDate"]</msg>
<arg>locator=${end_date_picker}</arg>
<doc>Waits until element specified with `locator` is visible.</doc>
<status status="PASS" start="2025-01-31T06:21:04.611226" elapsed="0.611947"/>
</kw>
<status status="PASS" start="2025-01-31T06:21:04.610947" elapsed="0.612289"/>
</kw>
<kw name="Click Flight Type Radio Button" owner="roundPage">
<kw name="Wait Until Element Is Visible" owner="AppiumLibrary">
<msg time="2025-01-31T06:21:05.295137" level="INFO">xpath criteria: //android.widget.RadioButton[@resource-id="com.example.myapplication:id/radioButtonFlight"]</msg>
<arg>locator=${flight_type_radio_button}</arg>
<doc>Waits until element specified with `locator` is visible.</doc>
<status status="PASS" start="2025-01-31T06:21:05.223590" elapsed="0.071629"/>
</kw>
<kw name="Click Element" owner="AppiumLibrary">
<msg time="2025-01-31T06:21:05.296827" level="INFO">Clicking element '//android.widget.RadioButton[@resource-id="com.example.myapplication:id/radioButtonFlight"]'.</msg>
<msg time="2025-01-31T06:21:05.396741" level="INFO">xpath criteria: //android.widget.RadioButton[@resource-id="com.example.myapplication:id/radioButtonFlight"]</msg>
<arg>locator=${flight_type_radio_button}</arg>
<doc>Click element identified by `locator`.</doc>
<status status="PASS" start="2025-01-31T06:21:05.295380" elapsed="0.101487"/>
</kw>
<status status="PASS" start="2025-01-31T06:21:05.223386" elapsed="0.173581"/>
</kw>
<kw name="Click Book" owner="roundPage">
<kw name="Wait Until Element Is Visible" owner="AppiumLibrary">
<msg time="2025-01-31T06:21:06.011596" level="INFO">xpath criteria: //android.widget.Button[@resource-id="com.example.myapplication:id/book_flight"]</msg>
<arg>locator=${book_flight_button}</arg>
<doc>Waits until element specified with `locator` is visible.</doc>
<status status="PASS" start="2025-01-31T06:21:05.397495" elapsed="0.614178"/>
</kw>
<kw name="Click Element" owner="AppiumLibrary">
<msg time="2025-01-31T06:21:06.013998" level="INFO">Clicking element '//android.widget.Button[@resource-id="com.example.myapplication:id/book_flight"]'.</msg>
<msg time="2025-01-31T06:21:06.180772" level="INFO">xpath criteria: //android.widget.Button[@resource-id="com.example.myapplication:id/book_flight"]</msg>
<arg>locator=${book_flight_button}</arg>
<doc>Click element identified by `locator`.</doc>
<status status="PASS" start="2025-01-31T06:21:06.011822" elapsed="0.169056"/>
</kw>
<status status="PASS" start="2025-01-31T06:21:05.397166" elapsed="0.783802"/>
</kw>
<kw name="Verify Book Flight Successfully Confirm Button" owner="roundPage">
<kw name="Wait Until Element Is Visible" owner="AppiumLibrary">
<msg time="2025-01-31T06:21:07.086496" level="INFO">xpath criteria: //android.widget.ImageView[@resource-id="com.example.myapplication:id/imageView5"]
xpath criteria: //android.widget.ImageView[@resource-id="com.example.myapplication:id/imageView5"]</msg>
<arg>locator=${verify_book_flight_confirm_button}</arg>
<doc>Waits until element specified with `locator` is visible.</doc>
<status status="PASS" start="2025-01-31T06:21:06.181412" elapsed="0.905169"/>
</kw>
<status status="PASS" start="2025-01-31T06:21:06.181151" elapsed="0.905508"/>
</kw>
<kw name="Click Confirm Button" owner="roundPage">
<kw name="Wait Until Element Is Visible" owner="AppiumLibrary">
<msg time="2025-01-31T06:21:07.160909" level="INFO">xpath criteria: //android.widget.Button[@resource-id="com.example.myapplication:id/confirm_order"]</msg>
<arg>locator=${confirm_order_button}</arg>
<doc>Waits until element specified with `locator` is visible.</doc>
<status status="PASS" start="2025-01-31T06:21:07.087039" elapsed="0.073959"/>
</kw>
<kw name="Click Element" owner="AppiumLibrary">
<msg time="2025-01-31T06:21:07.162750" level="INFO">Clicking element '//android.widget.Button[@resource-id="com.example.myapplication:id/confirm_order"]'.</msg>
<msg time="2025-01-31T06:21:07.252215" level="INFO">xpath criteria: //android.widget.Button[@resource-id="com.example.myapplication:id/confirm_order"]</msg>
<arg>locator=${confirm_order_button}</arg>
<doc>Click element identified by `locator`.</doc>
<status status="PASS" start="2025-01-31T06:21:07.161162" elapsed="0.091192"/>
</kw>
<status status="PASS" start="2025-01-31T06:21:07.086822" elapsed="0.165641"/>
</kw>
<kw name="Verify Flight Booked Successfully" owner="roundPage">
<kw name="Wait Until Element Is Visible" owner="AppiumLibrary">
<msg time="2025-01-31T06:21:07.924580" level="INFO">xpath criteria: //android.widget.CheckedTextView[@resource-id="com.example.myapplication:id/checkedTextView"]
xpath criteria: //android.widget.CheckedTextView[@resource-id="com.example.myapplication:id/checkedTextView"]</msg>
<arg>locator=${success_booking_flight}</arg>
<doc>Waits until element specified with `locator` is visible.</doc>
<status status="PASS" start="2025-01-31T06:21:07.253004" elapsed="0.671656"/>
</kw>
<kw name="Click Element" owner="AppiumLibrary">
<msg time="2025-01-31T06:21:07.926165" level="INFO">Clicking element '//android.widget.CheckedTextView[@resource-id="com.example.myapplication:id/checkedTextView"]'.</msg>
<msg time="2025-01-31T06:21:08.045304" level="INFO">xpath criteria: //android.widget.CheckedTextView[@resource-id="com.example.myapplication:id/checkedTextView"]</msg>
<arg>locator=${success_booking_flight}</arg>
<doc>Click element identified by `locator`.</doc>
<status status="PASS" start="2025-01-31T06:21:07.924823" elapsed="0.120664"/>
</kw>
<status status="PASS" start="2025-01-31T06:21:07.252680" elapsed="0.792978"/>
</kw>
<status status="PASS" start="2025-01-31T06:20:51.052029" elapsed="16.993740"/>
</kw>
<kw name="Close Flight Application" owner="base" type="TEARDOWN">
<kw name="Close Application" owner="AppiumLibrary">
<doc>Closes the current application and also close webdriver session.</doc>
<status status="PASS" start="2025-01-31T06:21:08.046875" elapsed="0.561401"/>
</kw>
<status status="PASS" start="2025-01-31T06:21:08.046396" elapsed="0.562027"/>
</kw>
<status status="PASS" start="2025-01-31T06:20:39.081981" elapsed="29.526745"/>
</test>
<status status="PASS" start="2025-01-31T06:20:38.861672" elapsed="29.748421"/>
</suite>
<statistics>
<total>
<stat pass="1" fail="0" skip="0">All Tests</stat>
</total>
<tag>
</tag>
<suite>
<stat name="roundTrip" id="s1" pass="1" fail="0" skip="0">roundTrip</stat>
</suite>
</statistics>
<errors>
</errors>
</robot>
